0 info it worked if it ends with ok
1 verbose cli [ 'node', '/usr/local/bin/npm', 'install' ]
2 info using npm@1.4.28
3 info using node@v0.10.35
4 warn package.json fencerRankings@0.0.0 No repository field.
5 warn package.json fencerRankings@0.0.0 No README data
6 verbose readDependencies using package.json deps
7 verbose install where, deps [ '/Users/cobled1/GitHub/fencerRankings',
7 verbose install   [ 'express',
7 verbose install     'mongoose',
7 verbose install     'morgan',
7 verbose install     'body-parser',
7 verbose install     'method-override' ] ]
8 info preinstall fencerRankings@0.0.0
9 verbose readDependencies using package.json deps
10 verbose cache add [ 'express@~4.7.2', null ]
11 verbose cache add name=undefined spec="express@~4.7.2" args=["express@~4.7.2",null]
12 verbose parsed url { protocol: null,
12 verbose parsed url   slashes: null,
12 verbose parsed url   auth: null,
12 verbose parsed url   host: null,
12 verbose parsed url   port: null,
12 verbose parsed url   hostname: null,
12 verbose parsed url   hash: null,
12 verbose parsed url   search: null,
12 verbose parsed url   query: null,
12 verbose parsed url   pathname: 'express@~4.7.2',
12 verbose parsed url   path: 'express@~4.7.2',
12 verbose parsed url   href: 'express@~4.7.2' }
13 verbose cache add [ 'mongoose@~3.6.2', null ]
14 verbose cache add name=undefined spec="mongoose@~3.6.2" args=["mongoose@~3.6.2",null]
15 verbose parsed url { protocol: null,
15 verbose parsed url   slashes: null,
15 verbose parsed url   auth: null,
15 verbose parsed url   host: null,
15 verbose parsed url   port: null,
15 verbose parsed url   hostname: null,
15 verbose parsed url   hash: null,
15 verbose parsed url   search: null,
15 verbose parsed url   query: null,
15 verbose parsed url   pathname: 'mongoose@~3.6.2',
15 verbose parsed url   path: 'mongoose@~3.6.2',
15 verbose parsed url   href: 'mongoose@~3.6.2' }
16 verbose cache add [ 'morgan@~1.2.2', null ]
17 verbose cache add name=undefined spec="morgan@~1.2.2" args=["morgan@~1.2.2",null]
18 verbose parsed url { protocol: null,
18 verbose parsed url   slashes: null,
18 verbose parsed url   auth: null,
18 verbose parsed url   host: null,
18 verbose parsed url   port: null,
18 verbose parsed url   hostname: null,
18 verbose parsed url   hash: null,
18 verbose parsed url   search: null,
18 verbose parsed url   query: null,
18 verbose parsed url   pathname: 'morgan@~1.2.2',
18 verbose parsed url   path: 'morgan@~1.2.2',
18 verbose parsed url   href: 'morgan@~1.2.2' }
19 verbose cache add [ 'body-parser@~1.5.2', null ]
20 verbose cache add name=undefined spec="body-parser@~1.5.2" args=["body-parser@~1.5.2",null]
21 verbose parsed url { protocol: null,
21 verbose parsed url   slashes: null,
21 verbose parsed url   auth: null,
21 verbose parsed url   host: null,
21 verbose parsed url   port: null,
21 verbose parsed url   hostname: null,
21 verbose parsed url   hash: null,
21 verbose parsed url   search: null,
21 verbose parsed url   query: null,
21 verbose parsed url   pathname: 'body-parser@~1.5.2',
21 verbose parsed url   path: 'body-parser@~1.5.2',
21 verbose parsed url   href: 'body-parser@~1.5.2' }
22 verbose cache add [ 'method-override@~2.1.2', null ]
23 verbose cache add name=undefined spec="method-override@~2.1.2" args=["method-override@~2.1.2",null]
24 verbose parsed url { protocol: null,
24 verbose parsed url   slashes: null,
24 verbose parsed url   auth: null,
24 verbose parsed url   host: null,
24 verbose parsed url   port: null,
24 verbose parsed url   hostname: null,
24 verbose parsed url   hash: null,
24 verbose parsed url   search: null,
24 verbose parsed url   query: null,
24 verbose parsed url   pathname: 'method-override@~2.1.2',
24 verbose parsed url   path: 'method-override@~2.1.2',
24 verbose parsed url   href: 'method-override@~2.1.2' }
25 verbose cache add name="express" spec="~4.7.2" args=["express","~4.7.2"]
26 verbose parsed url { protocol: null,
26 verbose parsed url   slashes: null,
26 verbose parsed url   auth: null,
26 verbose parsed url   host: null,
26 verbose parsed url   port: null,
26 verbose parsed url   hostname: null,
26 verbose parsed url   hash: null,
26 verbose parsed url   search: null,
26 verbose parsed url   query: null,
26 verbose parsed url   pathname: '~4.7.2',
26 verbose parsed url   path: '~4.7.2',
26 verbose parsed url   href: '~4.7.2' }
27 verbose addNamed [ 'express', '~4.7.2' ]
28 verbose addNamed [ null, '>=4.7.2-0 <4.8.0-0' ]
29 verbose cache add name="mongoose" spec="~3.6.2" args=["mongoose","~3.6.2"]
30 verbose parsed url { protocol: null,
30 verbose parsed url   slashes: null,
30 verbose parsed url   auth: null,
30 verbose parsed url   host: null,
30 verbose parsed url   port: null,
30 verbose parsed url   hostname: null,
30 verbose parsed url   hash: null,
30 verbose parsed url   search: null,
30 verbose parsed url   query: null,
30 verbose parsed url   pathname: '~3.6.2',
30 verbose parsed url   path: '~3.6.2',
30 verbose parsed url   href: '~3.6.2' }
31 verbose addNamed [ 'mongoose', '~3.6.2' ]
32 verbose addNamed [ null, '>=3.6.2-0 <3.7.0-0' ]
33 verbose cache add name="morgan" spec="~1.2.2" args=["morgan","~1.2.2"]
34 verbose parsed url { protocol: null,
34 verbose parsed url   slashes: null,
34 verbose parsed url   auth: null,
34 verbose parsed url   host: null,
34 verbose parsed url   port: null,
34 verbose parsed url   hostname: null,
34 verbose parsed url   hash: null,
34 verbose parsed url   search: null,
34 verbose parsed url   query: null,
34 verbose parsed url   pathname: '~1.2.2',
34 verbose parsed url   path: '~1.2.2',
34 verbose parsed url   href: '~1.2.2' }
35 verbose addNamed [ 'morgan', '~1.2.2' ]
36 verbose addNamed [ null, '>=1.2.2-0 <1.3.0-0' ]
37 verbose cache add name="body-parser" spec="~1.5.2" args=["body-parser","~1.5.2"]
38 verbose parsed url { protocol: null,
38 verbose parsed url   slashes: null,
38 verbose parsed url   auth: null,
38 verbose parsed url   host: null,
38 verbose parsed url   port: null,
38 verbose parsed url   hostname: null,
38 verbose parsed url   hash: null,
38 verbose parsed url   search: null,
38 verbose parsed url   query: null,
38 verbose parsed url   pathname: '~1.5.2',
38 verbose parsed url   path: '~1.5.2',
38 verbose parsed url   href: '~1.5.2' }
39 verbose addNamed [ 'body-parser', '~1.5.2' ]
40 verbose addNamed [ null, '>=1.5.2-0 <1.6.0-0' ]
41 verbose cache add name="method-override" spec="~2.1.2" args=["method-override","~2.1.2"]
42 verbose parsed url { protocol: null,
42 verbose parsed url   slashes: null,
42 verbose parsed url   auth: null,
42 verbose parsed url   host: null,
42 verbose parsed url   port: null,
42 verbose parsed url   hostname: null,
42 verbose parsed url   hash: null,
42 verbose parsed url   search: null,
42 verbose parsed url   query: null,
42 verbose parsed url   pathname: '~2.1.2',
42 verbose parsed url   path: '~2.1.2',
42 verbose parsed url   href: '~2.1.2' }
43 verbose addNamed [ 'method-override', '~2.1.2' ]
44 verbose addNamed [ null, '>=2.1.2-0 <2.2.0-0' ]
45 silly lockFile ef4e1f61-express-4-7-2 express@~4.7.2
46 verbose lock express@~4.7.2 /Users/cobled1/.npm/ef4e1f61-express-4-7-2.lock
47 silly lockFile 96ad86c1-mongoose-3-6-2 mongoose@~3.6.2
48 verbose lock mongoose@~3.6.2 /Users/cobled1/.npm/96ad86c1-mongoose-3-6-2.lock
49 silly lockFile 8a9f8c6a-morgan-1-2-2 morgan@~1.2.2
50 verbose lock morgan@~1.2.2 /Users/cobled1/.npm/8a9f8c6a-morgan-1-2-2.lock
51 silly lockFile c3717280-body-parser-1-5-2 body-parser@~1.5.2
52 verbose lock body-parser@~1.5.2 /Users/cobled1/.npm/c3717280-body-parser-1-5-2.lock
53 silly lockFile fa7a4300-method-override-2-1-2 method-override@~2.1.2
54 verbose lock method-override@~2.1.2 /Users/cobled1/.npm/fa7a4300-method-override-2-1-2.lock
55 silly addNameRange { name: 'express', range: '>=4.7.2-0 <4.8.0-0', hasData: false }
56 silly addNameRange { name: 'morgan', range: '>=1.2.2-0 <1.3.0-0', hasData: false }
57 silly addNameRange { name: 'mongoose', range: '>=3.6.2-0 <3.7.0-0', hasData: false }
58 silly addNameRange { name: 'body-parser',
58 silly addNameRange   range: '>=1.5.2-0 <1.6.0-0',
58 silly addNameRange   hasData: false }
59 silly addNameRange { name: 'method-override',
59 silly addNameRange   range: '>=2.1.2-0 <2.2.0-0',
59 silly addNameRange   hasData: false }
60 verbose request where is /mongoose
61 verbose request registry https://registry.npmjs.org/
62 verbose request id c0eb04f36c25377c
63 verbose url raw /mongoose
64 verbose url resolving [ 'https://registry.npmjs.org/', './mongoose' ]
65 verbose url resolved https://registry.npmjs.org/mongoose
66 verbose request where is https://registry.npmjs.org/mongoose
67 info trying registry request attempt 1 at 15:17:41
68 http GET https://registry.npmjs.org/mongoose
69 verbose request where is /morgan
70 verbose request registry https://registry.npmjs.org/
71 verbose url raw /morgan
72 verbose url resolving [ 'https://registry.npmjs.org/', './morgan' ]
73 verbose url resolved https://registry.npmjs.org/morgan
74 verbose request where is https://registry.npmjs.org/morgan
75 info trying registry request attempt 1 at 15:17:41
76 http GET https://registry.npmjs.org/morgan
77 verbose request where is /body-parser
78 verbose request registry https://registry.npmjs.org/
79 verbose url raw /body-parser
80 verbose url resolving [ 'https://registry.npmjs.org/', './body-parser' ]
81 verbose url resolved https://registry.npmjs.org/body-parser
82 verbose request where is https://registry.npmjs.org/body-parser
83 info trying registry request attempt 1 at 15:17:41
84 http GET https://registry.npmjs.org/body-parser
85 verbose request where is /method-override
86 verbose request registry https://registry.npmjs.org/
87 verbose url raw /method-override
88 verbose url resolving [ 'https://registry.npmjs.org/', './method-override' ]
89 verbose url resolved https://registry.npmjs.org/method-override
90 verbose request where is https://registry.npmjs.org/method-override
91 info trying registry request attempt 1 at 15:17:41
92 http GET https://registry.npmjs.org/method-override
93 verbose request where is /express
94 verbose request registry https://registry.npmjs.org/
95 verbose url raw /express
96 verbose url resolving [ 'https://registry.npmjs.org/', './express' ]
97 verbose url resolved https://registry.npmjs.org/express
98 verbose request where is https://registry.npmjs.org/express
99 info trying registry request attempt 1 at 15:17:41
100 verbose etag "6JXJ155XJPMF44QBTRTNJAMOM"
101 http GET https://registry.npmjs.org/express
102 http 200 https://registry.npmjs.org/method-override
103 silly registry.get cb [ 200,
103 silly registry.get   { server: 'CouchDB/1.5.0 (Erlang OTP/R16B03)',
103 silly registry.get     etag: '"50FS6DUGZJ2HNMOTIUNCMMTQ"',
103 silly registry.get     'content-type': 'application/json',
103 silly registry.get     'cache-control': 'max-age=60',
103 silly registry.get     'content-length': '32055',
103 silly registry.get     'accept-ranges': 'bytes',
103 silly registry.get     date: 'Wed, 24 Jun 2015 19:17:41 GMT',
103 silly registry.get     via: '1.1 varnish',
103 silly registry.get     age: '6',
103 silly registry.get     connection: 'keep-alive',
103 silly registry.get     'x-served-by': 'cache-jfk1024-JFK',
103 silly registry.get     'x-cache': 'HIT',
103 silly registry.get     'x-cache-hits': '1',
103 silly registry.get     'x-timer': 'S1435173461.840087,VS0,VE0',
103 silly registry.get     vary: 'Accept' } ]
104 silly addNameRange number 2 { name: 'method-override',
104 silly addNameRange   range: '>=2.1.2-0 <2.2.0-0',
104 silly addNameRange   hasData: true }
105 silly addNameRange versions [ 'method-override',
105 silly addNameRange   [ '1.0.0',
105 silly addNameRange     '1.0.1',
105 silly addNameRange     '1.0.2',
105 silly addNameRange     '2.0.0',
105 silly addNameRange     '2.0.1',
105 silly addNameRange     '2.0.2',
105 silly addNameRange     '2.1.0',
105 silly addNameRange     '2.1.1',
105 silly addNameRange     '2.1.2',
105 silly addNameRange     '2.1.3',
105 silly addNameRange     '2.2.0',
105 silly addNameRange     '2.3.0',
105 silly addNameRange     '2.3.1',
105 silly addNameRange     '2.3.2',
105 silly addNameRange     '2.3.3' ] ]
106 verbose addNamed [ 'method-override', '2.1.3' ]
107 verbose addNamed [ '2.1.3', '2.1.3' ]
108 silly lockFile b4e26855-method-override-2-1-3 method-override@2.1.3
109 verbose lock method-override@2.1.3 /Users/cobled1/.npm/b4e26855-method-override-2-1-3.lock
110 silly lockFile 80617f34-erride-method-override-2-1-3-tgz https://registry.npmjs.org/method-override/-/method-override-2.1.3.tgz
111 verbose lock https://registry.npmjs.org/method-override/-/method-override-2.1.3.tgz /Users/cobled1/.npm/80617f34-erride-method-override-2-1-3-tgz.lock
112 verbose addRemoteTarball [ 'https://registry.npmjs.org/method-override/-/method-override-2.1.3.tgz',
112 verbose addRemoteTarball   '511f41c4fb1dccdb6ab1844da5dc6ea81b7c1135' ]
113 info retry fetch attempt 1 at 15:17:42
114 verbose fetch to= /var/folders/fr/r1xjm82s7_78_vbj7r2p46p1v307p6/T/npm-67623-zDkCeoxD/registry.npmjs.org/method-override/-/method-override-2.1.3.tgz
115 http GET https://registry.npmjs.org/method-override/-/method-override-2.1.3.tgz
116 http 200 https://registry.npmjs.org/morgan
117 silly registry.get cb [ 200,
117 silly registry.get   { server: 'CouchDB/1.5.0 (Erlang OTP/R16B03)',
117 silly registry.get     etag: '"2LMEF977TR0XZ9OVWJ18U736U"',
117 silly registry.get     'content-type': 'application/json',
117 silly registry.get     'cache-control': 'max-age=60',
117 silly registry.get     'content-length': '39882',
117 silly registry.get     'accept-ranges': 'bytes',
117 silly registry.get     date: 'Wed, 24 Jun 2015 19:17:41 GMT',
117 silly registry.get     via: '1.1 varnish',
117 silly registry.get     age: '7',
117 silly registry.get     connection: 'keep-alive',
117 silly registry.get     'x-served-by': 'cache-jfk1022-JFK',
117 silly registry.get     'x-cache': 'HIT',
117 silly registry.get     'x-cache-hits': '1',
117 silly registry.get     'x-timer': 'S1435173461.851982,VS0,VE0',
117 silly registry.get     vary: 'Accept' } ]
118 silly addNameRange number 2 { name: 'morgan', range: '>=1.2.2-0 <1.3.0-0', hasData: true }
119 silly addNameRange versions [ 'morgan',
119 silly addNameRange   [ '1.0.0',
119 silly addNameRange     '1.0.1',
119 silly addNameRange     '1.1.0',
119 silly addNameRange     '1.1.1',
119 silly addNameRange     '1.2.0',
119 silly addNameRange     '1.2.1',
119 silly addNameRange     '1.2.2',
119 silly addNameRange     '1.2.3',
119 silly addNameRange     '1.3.0',
119 silly addNameRange     '1.3.1',
119 silly addNameRange     '1.3.2',
119 silly addNameRange     '1.4.0',
119 silly addNameRange     '1.4.1',
119 silly addNameRange     '1.5.0',
119 silly addNameRange     '1.5.1',
119 silly addNameRange     '1.5.2',
119 silly addNameRange     '1.5.3',
119 silly addNameRange     '1.6.0' ] ]
120 verbose addNamed [ 'morgan', '1.2.3' ]
121 verbose addNamed [ '1.2.3', '1.2.3' ]
122 silly lockFile 26ac1655-morgan-1-2-3 morgan@1.2.3
123 verbose lock morgan@1.2.3 /Users/cobled1/.npm/26ac1655-morgan-1-2-3.lock
124 silly lockFile 02cdd02f-pmjs-org-morgan-morgan-1-2-3-tgz https://registry.npmjs.org/morgan/-/morgan-1.2.3.tgz
125 verbose lock https://registry.npmjs.org/morgan/-/morgan-1.2.3.tgz /Users/cobled1/.npm/02cdd02f-pmjs-org-morgan-morgan-1-2-3-tgz.lock
126 verbose addRemoteTarball [ 'https://registry.npmjs.org/morgan/-/morgan-1.2.3.tgz',
126 verbose addRemoteTarball   '3b0f1704df90255a542591abacd797891a8c40a1' ]
127 info retry fetch attempt 1 at 15:17:42
128 verbose fetch to= /var/folders/fr/r1xjm82s7_78_vbj7r2p46p1v307p6/T/npm-67623-zDkCeoxD/registry.npmjs.org/morgan/-/morgan-1.2.3.tgz
129 http GET https://registry.npmjs.org/morgan/-/morgan-1.2.3.tgz
130 http 200 https://registry.npmjs.org/body-parser
131 silly registry.get cb [ 200,
131 silly registry.get   { server: 'CouchDB/1.5.0 (Erlang OTP/R16B03)',
131 silly registry.get     etag: '"F589Q9ZM1Z9GELNL7UZBOW6C8"',
131 silly registry.get     'content-type': 'application/json',
131 silly registry.get     'cache-control': 'max-age=60',
131 silly registry.get     'content-length': '101684',
131 silly registry.get     'accept-ranges': 'bytes',
131 silly registry.get     date: 'Wed, 24 Jun 2015 19:17:41 GMT',
131 silly registry.get     via: '1.1 varnish',
131 silly registry.get     age: '4',
131 silly registry.get     connection: 'keep-alive',
131 silly registry.get     'x-served-by': 'cache-jfk1028-JFK',
131 silly registry.get     'x-cache': 'HIT',
131 silly registry.get     'x-cache-hits': '1',
131 silly registry.get     'x-timer': 'S1435173461.851666,VS0,VE1',
131 silly registry.get     vary: 'Accept' } ]
132 silly addNameRange number 2 { name: 'body-parser',
132 silly addNameRange   range: '>=1.5.2-0 <1.6.0-0',
132 silly addNameRange   hasData: true }
133 silly addNameRange versions [ 'body-parser',
133 silly addNameRange   [ '1.0.0',
133 silly addNameRange     '1.0.1',
133 silly addNameRange     '1.0.2',
133 silly addNameRange     '1.1.0',
133 silly addNameRange     '1.1.1',
133 silly addNameRange     '1.1.2',
133 silly addNameRange     '1.2.0',
133 silly addNameRange     '1.2.1',
133 silly addNameRange     '1.2.2',
133 silly addNameRange     '1.3.0',
133 silly addNameRange     '1.3.1',
133 silly addNameRange     '1.4.0',
133 silly addNameRange     '1.4.1',
133 silly addNameRange     '1.4.2',
133 silly addNameRange     '1.4.3',
133 silly addNameRange     '1.5.0',
133 silly addNameRange     '1.5.1',
133 silly addNameRange     '1.5.2',
133 silly addNameRange     '1.6.0',
133 silly addNameRange     '1.6.1',
133 silly addNameRange     '1.6.2',
133 silly addNameRange     '1.6.3',
133 silly addNameRange     '1.6.4',
133 silly addNameRange     '1.6.5',
133 silly addNameRange     '1.6.6',
133 silly addNameRange     '1.6.7',
133 silly addNameRange     '1.7.0',
133 silly addNameRange     '1.8.0',
133 silly addNameRange     '1.8.1',
133 silly addNameRange     '1.8.2',
133 silly addNameRange     '1.8.3',
133 silly addNameRange     '1.8.4',
133 silly addNameRange     '1.9.0',
133 silly addNameRange     '1.9.1',
133 silly addNameRange     '1.9.2',
133 silly addNameRange     '1.9.3',
133 silly addNameRange     '1.10.0',
133 silly addNameRange     '1.10.1',
133 silly addNameRange     '1.10.2',
133 silly addNameRange     '1.11.0',
133 silly addNameRange     '1.12.0',
133 silly addNameRange     '1.12.1',
133 silly addNameRange     '1.12.2',
133 silly addNameRange     '1.12.3',
133 silly addNameRange     '1.12.4',
133 silly addNameRange     '1.13.0',
133 silly addNameRange     '1.13.1' ] ]
134 verbose addNamed [ 'body-parser', '1.5.2' ]
135 verbose addNamed [ '1.5.2', '1.5.2' ]
136 silly lockFile 5f60d091-body-parser-1-5-2 body-parser@1.5.2
137 verbose lock body-parser@1.5.2 /Users/cobled1/.npm/5f60d091-body-parser-1-5-2.lock
138 silly lockFile bf869266-ody-parser-body-parser-1-5-2-tgz https://registry.npmjs.org/body-parser/-/body-parser-1.5.2.tgz
139 verbose lock https://registry.npmjs.org/body-parser/-/body-parser-1.5.2.tgz /Users/cobled1/.npm/bf869266-ody-parser-body-parser-1-5-2-tgz.lock
140 verbose addRemoteTarball [ 'https://registry.npmjs.org/body-parser/-/body-parser-1.5.2.tgz',
140 verbose addRemoteTarball   'beebacac741b83f62c9137d5685196e1a44304ab' ]
141 info retry fetch attempt 1 at 15:17:42
142 verbose fetch to= /var/folders/fr/r1xjm82s7_78_vbj7r2p46p1v307p6/T/npm-67623-zDkCeoxD/registry.npmjs.org/body-parser/-/body-parser-1.5.2.tgz
143 http GET https://registry.npmjs.org/body-parser/-/body-parser-1.5.2.tgz
144 http 200 https://registry.npmjs.org/method-override/-/method-override-2.1.3.tgz
145 silly lockFile 80617f34-erride-method-override-2-1-3-tgz https://registry.npmjs.org/method-override/-/method-override-2.1.3.tgz
146 silly lockFile 80617f34-erride-method-override-2-1-3-tgz https://registry.npmjs.org/method-override/-/method-override-2.1.3.tgz
147 silly lockFile b4e26855-method-override-2-1-3 method-override@2.1.3
148 silly lockFile b4e26855-method-override-2-1-3 method-override@2.1.3
149 silly lockFile fa7a4300-method-override-2-1-2 method-override@~2.1.2
150 silly lockFile fa7a4300-method-override-2-1-2 method-override@~2.1.2
151 http 200 https://registry.npmjs.org/morgan/-/morgan-1.2.3.tgz
152 silly lockFile 02cdd02f-pmjs-org-morgan-morgan-1-2-3-tgz https://registry.npmjs.org/morgan/-/morgan-1.2.3.tgz
153 silly lockFile 02cdd02f-pmjs-org-morgan-morgan-1-2-3-tgz https://registry.npmjs.org/morgan/-/morgan-1.2.3.tgz
154 silly lockFile 26ac1655-morgan-1-2-3 morgan@1.2.3
155 silly lockFile 26ac1655-morgan-1-2-3 morgan@1.2.3
156 silly lockFile 8a9f8c6a-morgan-1-2-2 morgan@~1.2.2
157 silly lockFile 8a9f8c6a-morgan-1-2-2 morgan@~1.2.2
158 http 200 https://registry.npmjs.org/mongoose
159 silly registry.get cb [ 200,
159 silly registry.get   { server: 'CouchDB/1.5.0 (Erlang OTP/R16B03)',
159 silly registry.get     etag: '"F40KZVG0ECQ175U0I93BL12E"',
159 silly registry.get     'content-type': 'application/json',
159 silly registry.get     'cache-control': 'max-age=60',
159 silly registry.get     'content-length': '330967',
159 silly registry.get     'accept-ranges': 'bytes',
159 silly registry.get     date: 'Wed, 24 Jun 2015 19:17:41 GMT',
159 silly registry.get     via: '1.1 varnish',
159 silly registry.get     age: '50',
159 silly registry.get     connection: 'keep-alive',
159 silly registry.get     'x-served-by': 'cache-jfk1023-JFK',
159 silly registry.get     'x-cache': 'HIT',
159 silly registry.get     'x-cache-hits': '1',
159 silly registry.get     'x-timer': 'S1435173461.839846,VS0,VE2',
159 silly registry.get     vary: 'Accept' } ]
160 http 200 https://registry.npmjs.org/body-parser/-/body-parser-1.5.2.tgz
161 silly addNameRange number 2 { name: 'mongoose', range: '>=3.6.2-0 <3.7.0-0', hasData: true }
162 silly addNameRange versions [ 'mongoose',
162 silly addNameRange   [ '0.0.1',
162 silly addNameRange     '0.0.2',
162 silly addNameRange     '0.0.3',
162 silly addNameRange     '0.0.4',
162 silly addNameRange     '0.0.5',
162 silly addNameRange     '1.0.0',
162 silly addNameRange     '1.0.1',
162 silly addNameRange     '1.0.2',
162 silly addNameRange     '0.0.6',
162 silly addNameRange     '1.0.3',
162 silly addNameRange     '1.0.4',
162 silly addNameRange     '1.0.5',
162 silly addNameRange     '1.0.6',
162 silly addNameRange     '1.0.7',
162 silly addNameRange     '1.0.8',
162 silly addNameRange     '1.0.10',
162 silly addNameRange     '1.0.11',
162 silly addNameRange     '1.0.12',
162 silly addNameRange     '1.0.13',
162 silly addNameRange     '1.0.14',
162 silly addNameRange     '1.0.15',
162 silly addNameRange     '1.0.16',
162 silly addNameRange     '1.1.0',
162 silly addNameRange     '1.1.1',
162 silly addNameRange     '1.1.2',
162 silly addNameRange     '1.1.3',
162 silly addNameRange     '1.1.4',
162 silly addNameRange     '1.1.5',
162 silly addNameRange     '1.1.6',
162 silly addNameRange     '1.1.7',
162 silly addNameRange     '1.1.8',
162 silly addNameRange     '1.1.9',
162 silly addNameRange     '1.1.10',
162 silly addNameRange     '1.1.11',
162 silly addNameRange     '1.1.12',
162 silly addNameRange     '1.1.13',
162 silly addNameRange     '1.1.14',
162 silly addNameRange     '1.1.15',
162 silly addNameRange     '1.1.16',
162 silly addNameRange     '1.1.17',
162 silly addNameRange     '1.1.18',
162 silly addNameRange     '1.1.19',
162 silly addNameRange     '1.1.20',
162 silly addNameRange     '1.1.21',
162 silly addNameRange     '1.1.22',
162 silly addNameRange     '1.1.23',
162 silly addNameRange     '1.1.24',
162 silly addNameRange     '1.1.25',
162 silly addNameRange     '1.2.0',
162 silly addNameRange     '1.3.0',
162 silly addNameRange     '1.3.1',
162 silly addNameRange     '1.3.2',
162 silly addNameRange     '1.3.3',
162 silly addNameRange     '1.3.4',
162 silly addNameRange     '1.3.5',
162 silly addNameRange     '1.3.6',
162 silly addNameRange     '1.3.7',
162 silly addNameRange     '1.4.0',
162 silly addNameRange     '1.5.0',
162 silly addNameRange     '1.6.0',
162 silly addNameRange     '1.7.2',
162 silly addNameRange     '1.7.3',
162 silly addNameRange     '1.7.4',
162 silly addNameRange     '1.8.0',
162 silly addNameRange     '1.8.1',
162 silly addNameRange     '1.8.2',
162 silly addNameRange     '1.8.3',
162 silly addNameRange     '1.8.4',
162 silly addNameRange     '2.0.0',
162 silly addNameRange     '2.0.1',
162 silly addNameRange     '2.0.2',
162 silly addNameRange     '2.0.3',
162 silly addNameRange     '2.0.4',
162 silly addNameRange     '2.1.0',
162 silly addNameRange     '2.1.1',
162 silly addNameRange     '2.1.2',
162 silly addNameRange     '2.1.3',
162 silly addNameRange     '2.1.4',
162 silly addNameRange     '2.2.0',
162 silly addNameRange     '2.2.1',
162 silly addNameRange     '2.2.2',
162 silly addNameRange     '2.2.3',
162 silly addNameRange     '2.2.4',
162 silly addNameRange     '2.3.0',
162 silly addNameRange     '2.3.1',
162 silly addNameRange     '2.3.2',
162 silly addNameRange     '2.3.3',
162 silly addNameRange     '2.3.4',
162 silly addNameRange     '2.3.5',
162 silly addNameRange     '2.3.6',
162 silly addNameRange     '2.3.7',
162 silly addNameRange     '2.3.8',
162 silly addNameRange     '2.3.9',
162 silly addNameRange     '2.3.10',
162 silly addNameRange     '2.3.11',
162 silly addNameRange     '2.3.12',
162 silly addNameRange     '2.3.13',
162 silly addNameRange     '2.4.0',
162 silly addNameRange     '2.4.1',
162 silly addNameRange     '2.4.2',
162 silly addNameRange     '2.4.3',
162 silly addNameRange     '2.4.4',
162 silly addNameRange     '2.4.5',
162 silly addNameRange     '2.4.6',
162 silly addNameRange     '2.4.7',
162 silly addNameRange     '2.4.8',
162 silly addNameRange     '2.4.9',
162 silly addNameRange     '2.4.10',
162 silly addNameRange     '2.5.0',
162 silly addNameRange     '2.5.1',
162 silly addNameRange     '2.5.2',
162 silly addNameRange     '2.5.3',
162 silly addNameRange     '2.5.4',
162 silly addNameRange     '2.5.5',
162 silly addNameRange     '2.5.6',
162 silly addNameRange     '2.5.7',
162 silly addNameRange     '2.5.8',
162 silly addNameRange     '2.5.9',
162 silly addNameRange     '2.5.10',
162 silly addNameRange     '2.5.11',
162 silly addNameRange     '2.5.12',
162 silly addNameRange     '2.5.13',
162 silly addNameRange     '2.5.14',
162 silly addNameRange     '2.6.0',
162 silly addNameRange     '2.6.1',
162 silly addNameRange     '2.6.2',
162 silly addNameRange     '2.6.3',
162 silly addNameRange     '2.6.4',
162 silly addNameRange     '2.6.5',
162 silly addNameRange     '2.6.6',
162 silly addNameRange     '2.6.7',
162 silly addNameRange     '2.6.8',
162 silly addNameRange     '2.7.0',
162 silly addNameRange     '2.7.1',
162 silly addNameRange     '2.7.2',
162 silly addNameRange     '2.7.4',
162 silly addNameRange     '2.7.3',
162 silly addNameRange     '3.0.0',
162 silly addNameRange     '3.0.1',
162 silly addNameRange     '3.0.2',
162 silly addNameRange     '2.8.0',
162 silly addNameRange     '3.0.3',
162 silly addNameRange     '3.1.0',
162 silly addNameRange     '2.8.1',
162 silly addNameRange     '3.1.1',
162 silly addNameRange     '2.8.2',
162 silly addNameRange     '2.8.3',
162 silly addNameRange     '2.9.0',
162 silly addNameRange     '3.2.0',
162 silly addNameRange     '2.9.1',
162 silly addNameRange     '3.2.1',
162 silly addNameRange     '2.9.2',
162 silly addNameRange     '3.2.2',
162 silly addNameRange     '3.3.0',
162 silly addNameRange     '3.3.1',
162 silly addNameRange     '2.9.3',
162 silly addNameRange     '3.4.0',
162 silly addNameRange     '2.9.4',
162 silly addNameRange     '2.9.5',
162 silly addNameRange     '3.5.0',
162 silly addNameRange     '3.5.1',
162 silly addNameRange     '3.5.2',
162 silly addNameRange     '3.5.3',
162 silly addNameRange     '2.9.6',
162 silly addNameRange     '2.9.7',
162 silly addNameRange     '3.5.4',
162 silly addNameRange     '3.5.5',
162 silly addNameRange     '2.9.8',
162 silly addNameRange     '2.9.9',
162 silly addNameRange     '3.5.6',
162 silly addNameRange     '3.5.7',
162 silly addNameRange     '3.5.8',
162 silly addNameRange     '2.9.10',
162 silly addNameRange     '3.5.9',
162 silly addNameRange     '3.6.2',
162 silly addNameRange     '3.5.10',
162 silly addNameRange     '3.6.3',
162 silly addNameRange     '3.5.11',
162 silly addNameRange     '3.6.4',
162 silly addNameRange     '3.6.5',
162 silly addNameRange     '3.6.6',
162 silly addNameRange     '3.6.7',
162 silly addNameRange     '3.5.12',
162 silly addNameRange     '3.6.8',
162 silly addNameRange     '3.6.9',
162 silly addNameRange     '3.6.10',
162 silly addNameRange     '3.5.13',
162 silly addNameRange     '3.5.14',
162 silly addNameRange     '3.6.11',
162 silly addNameRange     '3.6.12',
162 silly addNameRange     '3.6.13',
162 silly addNameRange     '3.6.14',
162 silly addNameRange     '3.6.15',
162 silly addNameRange     '3.5.15',
162 silly addNameRange     '3.7.0',
162 silly addNameRange     '3.6.16',
162 silly addNameRange     '3.5.16',
162 silly addNameRange     '3.6.17',
162 silly addNameRange     '3.7.2',
162 silly addNameRange     '3.0.0-alpha1',
162 silly addNameRange     '3.0.0-alpha2',
162 silly addNameRange     '3.0.0-rc0',
162 silly addNameRange     '3.6.0-rc0',
162 silly addNameRange     '3.6.0-rc1',
162 silly addNameRange     '3.6.18',
162 silly addNameRange     '3.7.3',
162 silly addNameRange     '3.6.19',
162 silly addNameRange     '3.6.20',
162 silly addNameRange     '3.7.4',
162 silly addNameRange     '3.8.0',
162 silly addNameRange     '3.8.1',
162 silly addNameRange     '3.8.2',
162 silly addNameRange     '3.8.3',
162 silly addNameRange     '3.8.4',
162 silly addNameRange     '3.8.5',
162 silly addNameRange     '3.8.6',
162 silly addNameRange     '3.8.7',
162 silly addNameRange     '3.8.8',
162 silly addNameRange     '3.8.9',
162 silly addNameRange     '3.8.10',
162 silly addNameRange     '3.8.11',
162 silly addNameRange     '3.9.0',
162 silly addNameRange     '3.8.12',
162 silly addNameRange     '3.8.13',
162 silly addNameRange     '3.8.14',
162 silly addNameRange     '3.8.15',
162 silly addNameRange     '3.9.1',
162 silly addNameRange     '3.8.16',
162 silly addNameRange     '3.9.2',
162 silly addNameRange     '3.8.17',
162 silly addNameRange     '3.9.3',
162 silly addNameRange     '3.8.18',
162 silly addNameRange     '3.9.4',
162 silly addNameRange     '3.8.19',
162 silly addNameRange     '3.9.5',
162 silly addNameRange     '3.8.20',
162 silly addNameRange     '3.9.6',
162 silly addNameRange     '3.8.21',
162 silly addNameRange     '3.9.7',
162 silly addNameRange     '3.8.22',
162 silly addNameRange     '4.0.0-rc0',
162 silly addNameRange     '4.0.0-rc1',
162 silly addNameRange     '3.8.23',
162 silly addNameRange     '4.0.0-rc2',
162 silly addNameRange     '3.8.24',
162 silly addNameRange     '4.0.0-rc3',
162 silly addNameRange     '3.8.25',
162 silly addNameRange     '4.0.0-rc4',
162 silly addNameRange     '4.0.0',
162 silly addNameRange     '4.0.1',
162 silly addNameRange     '3.8.26',
162 silly addNameRange     '3.8.27',
162 silly addNameRange     '4.0.2',
162 silly addNameRange     '3.8.28',
162 silly addNameRange     '4.0.3',
162 silly addNameRange     '3.8.29',
162 silly addNameRange     '4.0.4',
162 silly addNameRange     '3.8.30',
162 silly addNameRange     '4.0.5',
162 silly addNameRange     '3.8.31',
162 silly addNameRange     '4.0.6' ] ]
163 verbose addNamed [ 'mongoose', '3.6.20' ]
164 verbose addNamed [ '3.6.20', '3.6.20' ]
165 silly lockFile 9e27220e-mongoose-3-6-20 mongoose@3.6.20
166 verbose lock mongoose@3.6.20 /Users/cobled1/.npm/9e27220e-mongoose-3-6-20.lock
167 silly lockFile 8045d0d6-org-mongoose-mongoose-3-6-20-tgz https://registry.npmjs.org/mongoose/-/mongoose-3.6.20.tgz
168 verbose lock https://registry.npmjs.org/mongoose/-/mongoose-3.6.20.tgz /Users/cobled1/.npm/8045d0d6-org-mongoose-mongoose-3-6-20-tgz.lock
169 verbose addRemoteTarball [ 'https://registry.npmjs.org/mongoose/-/mongoose-3.6.20.tgz',
169 verbose addRemoteTarball   '47263843e6b812ea207eec104c40a36c8d215f53' ]
170 info retry fetch attempt 1 at 15:17:42
171 verbose fetch to= /var/folders/fr/r1xjm82s7_78_vbj7r2p46p1v307p6/T/npm-67623-zDkCeoxD/registry.npmjs.org/mongoose/-/mongoose-3.6.20.tgz
172 silly lockFile bf869266-ody-parser-body-parser-1-5-2-tgz https://registry.npmjs.org/body-parser/-/body-parser-1.5.2.tgz
173 silly lockFile bf869266-ody-parser-body-parser-1-5-2-tgz https://registry.npmjs.org/body-parser/-/body-parser-1.5.2.tgz
174 http GET https://registry.npmjs.org/mongoose/-/mongoose-3.6.20.tgz
175 silly lockFile 5f60d091-body-parser-1-5-2 body-parser@1.5.2
176 silly lockFile 5f60d091-body-parser-1-5-2 body-parser@1.5.2
177 silly lockFile c3717280-body-parser-1-5-2 body-parser@~1.5.2
178 silly lockFile c3717280-body-parser-1-5-2 body-parser@~1.5.2
179 http 200 https://registry.npmjs.org/express
180 silly registry.get cb [ 200,
180 silly registry.get   { server: 'CouchDB/1.5.0 (Erlang OTP/R16B03)',
180 silly registry.get     etag: '"BK137MCCCXETC5ULWK8ISLL7K"',
180 silly registry.get     'content-type': 'application/json',
180 silly registry.get     'cache-control': 'max-age=60',
180 silly registry.get     'content-length': '506046',
180 silly registry.get     'accept-ranges': 'bytes',
180 silly registry.get     date: 'Wed, 24 Jun 2015 19:17:41 GMT',
180 silly registry.get     via: '1.1 varnish',
180 silly registry.get     age: '1',
180 silly registry.get     connection: 'keep-alive',
180 silly registry.get     'x-served-by': 'cache-jfk1025-JFK',
180 silly registry.get     'x-cache': 'HIT',
180 silly registry.get     'x-cache-hits': '2',
180 silly registry.get     'x-timer': 'S1435173461.845143,VS0,VE0',
180 silly registry.get     vary: 'Accept' } ]
181 silly addNameRange number 2 { name: 'express', range: '>=4.7.2-0 <4.8.0-0', hasData: true }
182 silly addNameRange versions [ 'express',
182 silly addNameRange   [ '0.14.0',
182 silly addNameRange     '0.14.1',
182 silly addNameRange     '1.0.0',
182 silly addNameRange     '1.0.1',
182 silly addNameRange     '1.0.2',
182 silly addNameRange     '1.0.3',
182 silly addNameRange     '1.0.4',
182 silly addNameRange     '1.0.5',
182 silly addNameRange     '1.0.6',
182 silly addNameRange     '1.0.7',
182 silly addNameRange     '1.0.8',
182 silly addNameRange     '2.0.0',
182 silly addNameRange     '2.1.0',
182 silly addNameRange     '2.1.1',
182 silly addNameRange     '2.2.0',
182 silly addNameRange     '2.2.1',
182 silly addNameRange     '2.2.2',
182 silly addNameRange     '2.3.0',
182 silly addNameRange     '2.3.1',
182 silly addNameRange     '2.3.2',
182 silly addNameRange     '2.3.3',
182 silly addNameRange     '2.3.4',
182 silly addNameRange     '2.3.5',
182 silly addNameRange     '2.3.6',
182 silly addNameRange     '2.3.7',
182 silly addNameRange     '2.3.8',
182 silly addNameRange     '2.3.9',
182 silly addNameRange     '2.3.10',
182 silly addNameRange     '2.3.11',
182 silly addNameRange     '2.3.12',
182 silly addNameRange     '2.4.0',
182 silly addNameRange     '2.4.1',
182 silly addNameRange     '2.4.2',
182 silly addNameRange     '2.4.3',
182 silly addNameRange     '2.4.4',
182 silly addNameRange     '2.4.5',
182 silly addNameRange     '2.4.6',
182 silly addNameRange     '2.4.7',
182 silly addNameRange     '2.5.0',
182 silly addNameRange     '2.5.1',
182 silly addNameRange     '2.5.2',
182 silly addNameRange     '2.5.3',
182 silly addNameRange     '2.5.4',
182 silly addNameRange     '2.5.5',
182 silly addNameRange     '2.5.6',
182 silly addNameRange     '2.5.7',
182 silly addNameRange     '2.5.8',
182 silly addNameRange     '2.5.9',
182 silly addNameRange     '2.5.10',
182 silly addNameRange     '2.5.11',
182 silly addNameRange     '3.0.0',
182 silly addNameRange     '3.0.1',
182 silly addNameRange     '3.0.2',
182 silly addNameRange     '3.0.3',
182 silly addNameRange     '3.0.4',
182 silly addNameRange     '3.0.5',
182 silly addNameRange     '3.0.6',
182 silly addNameRange     '3.1.0',
182 silly addNameRange     '3.1.1',
182 silly addNameRange     '3.1.2',
182 silly addNameRange     '3.2.0',
182 silly addNameRange     '3.2.1',
182 silly addNameRange     '3.2.2',
182 silly addNameRange     '3.2.3',
182 silly addNameRange     '3.2.4',
182 silly addNameRange     '3.2.5',
182 silly addNameRange     '3.2.6',
182 silly addNameRange     '3.3.0',
182 silly addNameRange     '3.3.1',
182 silly addNameRange     '3.3.2',
182 silly addNameRange     '3.3.3',
182 silly addNameRange     '3.3.4',
182 silly addNameRange     '3.3.5',
182 silly addNameRange     '3.3.6',
182 silly addNameRange     '1.0.0-beta',
182 silly addNameRange     '1.0.0-beta2',
182 silly addNameRange     '1.0.0-rc',
182 silly addNameRange     '1.0.0-rc2',
182 silly addNameRange     '1.0.0-rc3',
182 silly addNameRange     '1.0.0-rc4',
182 silly addNameRange     '2.0.0-beta',
182 silly addNameRange     '2.0.0-beta2',
182 silly addNameRange     '2.0.0-beta3',
182 silly addNameRange     '2.0.0-rc',
182 silly addNameRange     '2.0.0-rc2',
182 silly addNameRange     '2.0.0-rc3',
182 silly addNameRange     '3.0.0-alpha1',
182 silly addNameRange     '3.0.0-alpha2',
182 silly addNameRange     '3.0.0-alpha3',
182 silly addNameRange     '3.0.0-alpha4',
182 silly addNameRange     '3.0.0-alpha5',
182 silly addNameRange     '3.0.0-beta1',
182 silly addNameRange     '3.0.0-beta2',
182 silly addNameRange     '3.0.0-beta3',
182 silly addNameRange     '3.0.0-beta4',
182 silly addNameRange     '3.0.0-beta6',
182 silly addNameRange     '3.0.0-beta7',
182 silly addNameRange     '3.0.0-rc1',
182 silly addNameRange     '3.0.0-rc2',
182 silly addNameRange     '3.0.0-rc3',
182 silly addNameRange     '3.0.0-rc4',
182 silly addNameRange     '3.0.0-rc5',
182 silly addNameRange     '3.3.7',
182 silly addNameRange     '3.3.8',
182 silly addNameRange     '3.4.0',
182 silly addNameRange     '3.4.1',
182 silly addNameRange     '3.4.2',
182 silly addNameRange     '3.4.3',
182 silly addNameRange     '3.4.4',
182 silly addNameRange     '3.4.5',
182 silly addNameRange     '3.4.6',
182 silly addNameRange     '3.4.7',
182 silly addNameRange     '3.4.8',
182 silly addNameRange     '4.0.0-rc1',
182 silly addNameRange     '4.0.0-rc2',
182 silly addNameRange     '3.5.0',
182 silly addNameRange     '4.0.0-rc3',
182 silly addNameRange     '4.0.0-rc4',
182 silly addNameRange     '3.5.1',
182 silly addNameRange     '4.0.0',
182 silly addNameRange     '3.5.2',
182 silly addNameRange     '4.1.0',
182 silly addNameRange     '4.1.1',
182 silly addNameRange     '3.5.3',
182 silly addNameRange     '4.1.2',
182 silly addNameRange     '3.6.0',
182 silly addNameRange     '4.2.0',
182 silly addNameRange     '3.7.0',
182 silly addNameRange     '3.8.0',
182 silly addNameRange     '4.3.0',
182 silly addNameRange     '4.3.1',
182 silly addNameRange     '3.8.1',
182 silly addNameRange     '4.3.2',
182 silly addNameRange     '3.9.0',
182 silly addNameRange     '4.4.0',
182 silly addNameRange     '4.4.1',
182 silly addNameRange     '3.10.0',
182 silly addNameRange     '3.10.1',
182 silly addNameRange     '3.10.2',
182 silly addNameRange     '3.10.3',
182 silly addNameRange     '3.10.4',
182 silly addNameRange     '4.4.2',
182 silly addNameRange     '3.10.5',
182 silly addNameRange     '4.4.3',
182 silly addNameRange     '3.11.0',
182 silly addNameRange     '4.4.4',
182 silly addNameRange     '3.12.0',
182 silly addNameRange     '3.12.1',
182 silly addNameRange     '4.4.5',
182 silly addNameRange     '3.13.0',
182 silly addNameRange     '4.5.0',
182 silly addNameRange     '4.5.1',
182 silly addNameRange     '3.14.0',
182 silly addNameRange     '4.6.0',
182 silly addNameRange     '4.6.1',
182 silly addNameRange     '3.15.0',
182 silly addNameRange     '4.7.0',
182 silly addNameRange     '3.15.1',
182 silly addNameRange     '4.7.1',
182 silly addNameRange     '3.15.2',
182 silly addNameRange     '4.7.2',
182 silly addNameRange     '4.7.3',
182 silly addNameRange     '3.15.3',
182 silly addNameRange     '4.7.4',
182 silly addNameRange     '3.16.0',
182 silly addNameRange     '4.8.0',
182 silly addNameRange     '3.16.1',
182 silly addNameRange     '4.8.1',
182 silly addNameRange     '3.16.2',
182 silly addNameRange     '4.8.2',
182 silly addNameRange     '3.16.3',
182 silly addNameRange     '3.16.4',
182 silly addNameRange     '4.8.3',
182 silly addNameRange     '3.16.5',
182 silly addNameRange     '3.16.6',
182 silly addNameRange     '4.8.4',
182 silly addNameRange     '3.16.7',
182 silly addNameRange     '4.8.5',
182 silly addNameRange     '3.16.8',
182 silly addNameRange     '4.8.6',
182 silly addNameRange     '3.16.9',
182 silly addNameRange     '4.8.7',
182 silly addNameRange     '3.16.10',
182 silly addNameRange     '4.8.8',
182 silly addNameRange     '3.17.0',
182 silly addNameRange     '3.17.1',
182 silly addNameRange     '4.9.0',
182 silly addNameRange     '3.17.2',
182 silly addNameRange     '4.9.1',
182 silly addNameRange     '4.9.2',
182 silly addNameRange     '3.17.3',
182 silly addNameRange     '4.9.3',
182 silly addNameRange     '3.17.4',
182 silly addNameRange     '4.9.4',
182 silly addNameRange     '3.17.5',
182 silly addNameRange     '4.9.5',
182 silly addNameRange     '3.17.6',
182 silly addNameRange     '3.17.7',
182 silly addNameRange     '4.9.6',
182 silly addNameRange     '4.9.7',
182 silly addNameRange     '3.17.8',
182 silly addNameRange     '4.9.8',
182 silly addNameRange     '3.18.0',
182 silly addNameRange     '3.18.1',
182 silly addNameRange     '4.10.0',
182 silly addNameRange     '3.18.2',
182 silly addNameRange     '4.10.1',
182 silly addNameRange     '5.0.0-alpha.1',
182 silly addNameRange     '3.18.3',
182 silly addNameRange     '4.10.2',
182 silly addNameRange     '3.18.4',
182 silly addNameRange     '4.10.3',
182 silly addNameRange     '4.10.4',
182 silly addNameRange     '4.10.5',
182 silly addNameRange     '3.18.5',
182 silly addNameRange     '3.18.6',
182 silly addNameRange     '4.10.6',
182 silly addNameRange     '4.10.7',
182 silly addNameRange     '3.19.0',
182 silly addNameRange     '4.10.8',
182 silly addNameRange     '4.11.0',
182 silly addNameRange     '3.19.1',
182 silly addNameRange     '4.11.1',
182 silly addNameRange     '3.19.2',
182 silly addNameRange     '4.11.2',
182 silly addNameRange     '3.20.0',
182 silly addNameRange     '4.12.0',
182 silly addNameRange     '3.20.1',
182 silly addNameRange     '4.12.1',
182 silly addNameRange     '4.12.2',
182 silly addNameRange     '3.20.2',
182 silly addNameRange     '4.12.3',
182 silly addNameRange     '3.20.3',
182 silly addNameRange     '4.12.4',
182 silly addNameRange     '3.21.0',
182 silly addNameRange     '4.13.0' ] ]
183 verbose addNamed [ 'express', '4.7.4' ]
184 verbose addNamed [ '4.7.4', '4.7.4' ]
185 silly lockFile 70e7f37f-express-4-7-4 express@4.7.4
186 verbose lock express@4.7.4 /Users/cobled1/.npm/70e7f37f-express-4-7-4.lock
187 silly lockFile 47db6f59-js-org-express-express-4-7-4-tgz https://registry.npmjs.org/express/-/express-4.7.4.tgz
188 verbose lock https://registry.npmjs.org/express/-/express-4.7.4.tgz /Users/cobled1/.npm/47db6f59-js-org-express-express-4-7-4-tgz.lock
189 verbose addRemoteTarball [ 'https://registry.npmjs.org/express/-/express-4.7.4.tgz',
189 verbose addRemoteTarball   'caf59389cf0b31b1314bf44d3355c2a80cfa217c' ]
190 info retry fetch attempt 1 at 15:17:43
191 verbose fetch to= /var/folders/fr/r1xjm82s7_78_vbj7r2p46p1v307p6/T/npm-67623-zDkCeoxD/registry.npmjs.org/express/-/express-4.7.4.tgz
192 http GET https://registry.npmjs.org/express/-/express-4.7.4.tgz
193 http 200 https://registry.npmjs.org/mongoose/-/mongoose-3.6.20.tgz
194 silly lockFile 8045d0d6-org-mongoose-mongoose-3-6-20-tgz https://registry.npmjs.org/mongoose/-/mongoose-3.6.20.tgz
195 silly lockFile 8045d0d6-org-mongoose-mongoose-3-6-20-tgz https://registry.npmjs.org/mongoose/-/mongoose-3.6.20.tgz
196 silly lockFile 9e27220e-mongoose-3-6-20 mongoose@3.6.20
197 silly lockFile 9e27220e-mongoose-3-6-20 mongoose@3.6.20
198 silly lockFile 96ad86c1-mongoose-3-6-2 mongoose@~3.6.2
199 silly lockFile 96ad86c1-mongoose-3-6-2 mongoose@~3.6.2
200 http 200 https://registry.npmjs.org/express/-/express-4.7.4.tgz
201 silly lockFile 47db6f59-js-org-express-express-4-7-4-tgz https://registry.npmjs.org/express/-/express-4.7.4.tgz
202 silly lockFile 47db6f59-js-org-express-express-4-7-4-tgz https://registry.npmjs.org/express/-/express-4.7.4.tgz
203 silly lockFile 70e7f37f-express-4-7-4 express@4.7.4
204 silly lockFile 70e7f37f-express-4-7-4 express@4.7.4
205 silly lockFile ef4e1f61-express-4-7-2 express@~4.7.2
206 silly lockFile ef4e1f61-express-4-7-2 express@~4.7.2
207 error Error: EACCES, mkdir '/Users/cobled1/.npm/express/4.7.4'
207 error  { [Error: EACCES, mkdir '/Users/cobled1/.npm/express/4.7.4']
207 error   errno: 3,
207 error   code: 'EACCES',
207 error   path: '/Users/cobled1/.npm/express/4.7.4',
207 error   parent: 'fencerRankings' }
208 error Please try running this command again as root/Administrator.
209 error System Darwin 14.1.0
210 error command "node" "/usr/local/bin/npm" "install"
211 error cwd /Users/cobled1/GitHub/fencerRankings
212 error node -v v0.10.35
213 error npm -v 1.4.28
214 error path /Users/cobled1/.npm/express/4.7.4
215 error code EACCES
216 error errno 3
217 error stack Error: EACCES, mkdir '/Users/cobled1/.npm/express/4.7.4'
218 verbose exit [ 3, true ]
